HotelPromo/hotel-app/build/intermediates/manifest_merge_blame_file/debug/manifest-merger-blame-debug-report.txt
1<?xml version="1.0" encoding="utf-8"?>
2<manifest xmlns:android="http://schemas.android.com/apk/res/android"
3    package="com.elnico.hotelpromo"
4    android:versionCode="10000"
5    android:versionName="1.0.0-first-promo-concept" >
6
7    <uses-sdk
8        android:minSdkVersion="24"
9        android:targetSdkVersion="34" />
10
11    <uses-permission android:name="android.permission.INTERNET" />
11-->src/main/AndroidManifest.xml:5:5-66
11-->src/main/AndroidManifest.xml:5:22-64
12    <uses-permission android:name="android.permission.ACCESS_NETWORK_STATE" />
12-->[androidx.media3:media3-exoplayer:1.3.0] AndroidManifest.xml:22:5-79
12-->[androidx.media3:media3-exoplayer:1.3.0] AndroidManifest.xml:22:22-76
13
14    <permission
14-->[androidx.core:core:1.12.0] AndroidManifest.xml:22:5-24:47
15        android:name="com.elnico.hotelpromo.DYNAMIC_RECEIVER_NOT_EXPORTED_PERMISSION"
15-->[androidx.core:core:1.12.0] AndroidManifest.xml:23:9-81
16        android:protectionLevel="signature" />
16-->[androidx.core:core:1.12.0] AndroidManifest.xml:24:9-44
17
18    <uses-permission android:name="com.elnico.hotelpromo.DYNAMIC_RECEIVER_NOT_EXPORTED_PERMISSION" />
18-->[androidx.core:core:1.12.0] AndroidManifest.xml:26:5-97
18-->[androidx.core:core:1.12.0] AndroidManifest.xml:26:22-94
19
20    <supports-screens
20-->[org.osmdroid:osmdroid-android:6.1.16] AndroidManifest.xml:9:5-12:40
21        android:anyDensity="true"
21-->[org.osmdroid:osmdroid-android:6.1.16] AndroidManifest.xml:10:9-34
22        android:largeScreens="true"
22-->[org.osmdroid:osmdroid-android:6.1.16] AndroidManifest.xml:11:9-36
23        android:normalScreens="true" />
23-->[org.osmdroid:osmdroid-android:6.1.16] AndroidManifest.xml:12:9-37
24
25    <uses-feature
25-->[org.osmdroid:osmdroid-android:6.1.16] AndroidManifest.xml:14:5-16:36
26        android:name="android.hardware.location.network"
26-->[org.osmdroid:osmdroid-android:6.1.16] AndroidManifest.xml:15:9-57
27        android:required="false" />
27-->[org.osmdroid:osmdroid-android:6.1.16] AndroidManifest.xml:16:9-33
28    <uses-feature
28-->[org.osmdroid:osmdroid-android:6.1.16] AndroidManifest.xml:17:5-19:36
29        android:name="android.hardware.location.gps"
29-->[org.osmdroid:osmdroid-android:6.1.16] AndroidManifest.xml:18:9-53
30        android:required="false" />
30-->[org.osmdroid:osmdroid-android:6.1.16] AndroidManifest.xml:19:9-33
31    <uses-feature
31-->[org.osmdroid:osmdroid-android:6.1.16] AndroidManifest.xml:20:5-22:36
32        android:name="android.hardware.telephony"
32-->[org.osmdroid:osmdroid-android:6.1.16] AndroidManifest.xml:21:9-50
33        android:required="false" />
33-->[org.osmdroid:osmdroid-android:6.1.16] AndroidManifest.xml:22:9-33
34    <uses-feature
34-->[org.osmdroid:osmdroid-android:6.1.16] AndroidManifest.xml:23:5-25:36
35        android:name="android.hardware.wifi"
35-->[org.osmdroid:osmdroid-android:6.1.16] AndroidManifest.xml:24:9-45
36        android:required="false" />
36-->[org.osmdroid:osmdroid-android:6.1.16] AndroidManifest.xml:25:9-33
37
38    <application
38-->src/main/AndroidManifest.xml:7:5-31:19
39        android:name="com.elnico.hotelpromo.HotelApp"
39-->src/main/AndroidManifest.xml:9:9-33
40        android:allowBackup="false"
40-->src/main/AndroidManifest.xml:10:9-36
41        android:appComponentFactory="androidx.core.app.CoreComponentFactory"
41-->[androidx.core:core:1.12.0] AndroidManifest.xml:28:18-86
42        android:dataExtractionRules="@xml/data_extraction_rules"
42-->src/main/AndroidManifest.xml:11:9-65
43        android:debuggable="true"
44        android:extractNativeLibs="false"
45        android:fullBackupContent="@xml/backup_rules"
45-->src/main/AndroidManifest.xml:12:9-54
46        android:icon="@drawable/logo"
46-->src/main/AndroidManifest.xml:13:9-38
47        android:label="@string/app_name"
47-->src/main/AndroidManifest.xml:14:9-41
48        android:roundIcon="@drawable/logo"
48-->src/main/AndroidManifest.xml:15:9-43
49        android:supportsRtl="true"
49-->src/main/AndroidManifest.xml:16:9-35
50        android:theme="@style/Theme.HotelPromo"
50-->src/main/AndroidManifest.xml:17:9-48
51        android:usesCleartextTraffic="true" >
51-->src/main/AndroidManifest.xml:8:9-44
52        <activity
52-->src/main/AndroidManifest.xml:19:9-30:20
53            android:name="com.elnico.hotelpromo.ui.activity.MainActivity"
53-->src/main/AndroidManifest.xml:20:13-53
54            android:exported="true"
54-->src/main/AndroidManifest.xml:22:13-36
55            android:label="@string/app_name"
55-->src/main/AndroidManifest.xml:23:13-45
56            android:screenOrientation="portrait"
56-->src/main/AndroidManifest.xml:21:13-49
57            android:theme="@style/Theme.HotelPromo" >
57-->src/main/AndroidManifest.xml:24:13-52
58            <intent-filter>
58-->src/main/AndroidManifest.xml:25:13-29:29
59                <action android:name="android.intent.action.MAIN" />
59-->src/main/AndroidManifest.xml:26:17-69
59-->src/main/AndroidManifest.xml:26:25-66
60
61                <category android:name="android.intent.category.LAUNCHER" />
61-->src/main/AndroidManifest.xml:28:17-77
61-->src/main/AndroidManifest.xml:28:27-74
62            </intent-filter>
63        </activity>
64        <activity
64-->[androidx.compose.ui:ui-tooling-android:1.5.1] AndroidManifest.xml:23:9-25:39
65            android:name="androidx.compose.ui.tooling.PreviewActivity"
65-->[androidx.compose.ui:ui-tooling-android:1.5.1] AndroidManifest.xml:24:13-71
66            android:exported="true" />
66-->[androidx.compose.ui:ui-tooling-android:1.5.1] AndroidManifest.xml:25:13-36
67
68        <provider
68-->[androidx.emoji2:emoji2:1.4.0] AndroidManifest.xml:24:9-32:20
69            android:name="androidx.startup.InitializationProvider"
69-->[androidx.emoji2:emoji2:1.4.0] AndroidManifest.xml:25:13-67
70            android:authorities="com.elnico.hotelpromo.androidx-startup"
70-->[androidx.emoji2:emoji2:1.4.0] AndroidManifest.xml:26:13-68
71            android:exported="false" >
71-->[androidx.emoji2:emoji2:1.4.0] AndroidManifest.xml:27:13-37
72            <meta-data
72-->[androidx.emoji2:emoji2:1.4.0] AndroidManifest.xml:29:13-31:52
73                android:name="androidx.emoji2.text.EmojiCompatInitializer"
73-->[androidx.emoji2:emoji2:1.4.0] AndroidManifest.xml:30:17-75
74                android:value="androidx.startup" />
74-->[androidx.emoji2:emoji2:1.4.0] AndroidManifest.xml:31:17-49
75            <meta-data
75-->[androidx.lifecycle:lifecycle-process:2.7.0] AndroidManifest.xml:29:13-31:52
76                android:name="androidx.lifecycle.ProcessLifecycleInitializer"
76-->[androidx.lifecycle:lifecycle-process:2.7.0] AndroidManifest.xml:30:17-78
77                android:value="androidx.startup" />
77-->[androidx.lifecycle:lifecycle-process:2.7.0] AndroidManifest.xml:31:17-49
78            <meta-data
78-->[androidx.profileinstaller:profileinstaller:1.3.0] AndroidManifest.xml:29:13-31:52
79                android:name="androidx.profileinstaller.ProfileInstallerInitializer"
79-->[androidx.profileinstaller:profileinstaller:1.3.0] AndroidManifest.xml:30:17-85
80                android:value="androidx.startup" />
80-->[androidx.profileinstaller:profileinstaller:1.3.0] AndroidManifest.xml:31:17-49
81        </provider>
82
83        <activity
83-->[androidx.compose.ui:ui-test-manifest:1.5.1] AndroidManifest.xml:23:9-25:39
84            android:name="androidx.activity.ComponentActivity"
84-->[androidx.compose.ui:ui-test-manifest:1.5.1] AndroidManifest.xml:24:13-63
85            android:exported="true" />
85-->[androidx.compose.ui:ui-test-manifest:1.5.1] AndroidManifest.xml:25:13-36
86
87        <receiver
87-->[androidx.profileinstaller:profileinstaller:1.3.0] AndroidManifest.xml:34:9-52:20
88            android:name="androidx.profileinstaller.ProfileInstallReceiver"
88-->[androidx.profileinstaller:profileinstaller:1.3.0] AndroidManifest.xml:35:13-76
89            android:directBootAware="false"
89-->[androidx.profileinstaller:profileinstaller:1.3.0] AndroidManifest.xml:36:13-44
90            android:enabled="true"
90-->[androidx.profileinstaller:profileinstaller:1.3.0] AndroidManifest.xml:37:13-35
91            android:exported="true"
91-->[androidx.profileinstaller:profileinstaller:1.3.0] AndroidManifest.xml:38:13-36
92            android:permission="android.permission.DUMP" >
92-->[androidx.profileinstaller:profileinstaller:1.3.0] AndroidManifest.xml:39:13-57
93            <intent-filter>
93-->[androidx.profileinstaller:profileinstaller:1.3.0] AndroidManifest.xml:40:13-42:29
94                <action android:name="androidx.profileinstaller.action.INSTALL_PROFILE" />
94-->[androidx.profileinstaller:profileinstaller:1.3.0] AndroidManifest.xml:41:17-91
94-->[androidx.profileinstaller:profileinstaller:1.3.0] AndroidManifest.xml:41:25-88
95            </intent-filter>
96            <intent-filter>
96-->[androidx.profileinstaller:profileinstaller:1.3.0] AndroidManifest.xml:43:13-45:29
97                <action android:name="androidx.profileinstaller.action.SKIP_FILE" />
97-->[androidx.profileinstaller:profileinstaller:1.3.0] AndroidManifest.xml:44:17-85
97-->[androidx.profileinstaller:profileinstaller:1.3.0] AndroidManifest.xml:44:25-82
98            </intent-filter>
99            <intent-filter>
99-->[androidx.profileinstaller:profileinstaller:1.3.0] AndroidManifest.xml:46:13-48:29
100                <action android:name="androidx.profileinstaller.action.SAVE_PROFILE" />
100-->[androidx.profileinstaller:profileinstaller:1.3.0] AndroidManifest.xml:47:17-88
100-->[androidx.profileinstaller:profileinstaller:1.3.0] AndroidManifest.xml:47:25-85
101            </intent-filter>
102            <intent-filter>
102-->[androidx.profileinstaller:profileinstaller:1.3.0] AndroidManifest.xml:49:13-51:29
103                <action android:name="androidx.profileinstaller.action.BENCHMARK_OPERATION" />
103-->[androidx.profileinstaller:profileinstaller:1.3.0] AndroidManifest.xml:50:17-95
103-->[androidx.profileinstaller:profileinstaller:1.3.0] AndroidManifest.xml:50:25-92
104            </intent-filter>
105        </receiver>
106    </application>
107
108</manifest>